#1: 594 -> 1245708288
#2: 227 -> -956301312
#3: 368 -> 243269632
#4: 42 -> 1409286144
#5: 543 -> -130023424
#6: 980 -> 734003200
#7: 884 -> 784334848
#8: 783 -> -255852544
#9: 611 -> -968884224
#10: 631 -> -297795584
#11: 677 -> -1522532352
#12: 796 -> 952107008
#13: 441 -> -1652555776
#14: 362 -> 1451229184
#15: 888 -> 515899392
#16: 301 -> -1266679808
#17: 408 -> 427819008
#18: 273 -> -2004877312
#19: 776 -> 281018368
#20: 398 -> 1904214016
#21: 633 -> -1639972864
#22: 736 -> 121634816
#23: 924 -> 968884224
#24: 712 -> 322961408
#25: 655 -> -247463936
#26: 175 -> -184549376
#27: 389 -> -1585446912
#28: 41 -> -1811939328
#29: 219 -> -620756992
#30: 222 -> 2063597568
#31: 825 -> -1665138688
#32: 306 -> 1283457024
#33: 71 -> -503316480
#34: 434 -> 1300234240
#35: 93 -> -1174405120
#36: 339 -> -897581056
#37: 125 -> -1107296256
#38: 517 -> -1606418432
#39: 906 -> 1371537408
#40: 475 -> -612368384
#41: 119 -> -301989888
#42: 858 -> 1522532352
#43: 633 -> -1639972864
#44: 307 -> -864026624
#45: 561 -> -1941962752
#46: 44 -> 872415232
#47: 48 -> 201326592
#48: 118 -> 1845493760
#49: 951 -> -306184192
#50: 890 -> 1589641216
#51: 420 -> 629145600
#52: 624 -> 239075328
#53: 148 -> 687865856
#54: 665 -> -1723858944
#55: 810 -> 1421869056
#56: 686 -> 1967128576
#57: 1013 -> -1346371584
#58: 652 -> 826277888
#59: 212 -> 721420288
#60: 1015 -> -272629760
#61: 1015 -> -272629760
#62: 393 -> -1853882368
#63: 424 -> 360710144
#64: 222 -> 2063597568
#65: 624 -> 239075328
#66: 406 -> 1769996288
#67: 593 -> -1975517184
#68: 608 -> 104857600
#69: 776 -> 281018368
#70: 450 -> 1132462080
#71: 968 -> 331350016
#72: 431 -> -176160768
#73: 705 -> -2092957696
#74: 516 -> 541065216
#75: 484 -> 662700032
#76: 543 -> -130023424
#77: 521 -> -1874853888
#78: 393 -> -1853882368
#79: 432 -> 226492416
#80: 271 -> -260046848
Hash: 6522711256644001216
