#1: 64 -> 33554432
#2: 174 -> 1962934272
#3: 140 -> 822083584
#4: 224 -> 117440512
#5: 44 -> 872415232
#6: 174 -> 1962934272
#7: 246 -> 1862270976
#8: 177 -> -1929379840
#9: 124 -> 1040187392
#10: 160 -> 83886080
#11: 62 -> 2080374784
#12: 223 -> -83886080
#13: 154 -> 1493172224
#14: 237 -> -1224736768
#15: 80 -> 167772160
#16: 214 -> 1795162112
#17: 3 -> -1073741824
#18: 148 -> 687865856
#19: 139 -> -788529152
#20: 160 -> 83886080
#21: 233 -> -1761607680
#22: 18 -> 1207959552
#23: 238 -> 1996488704
#24: 114 -> 1308622848
#25: 207 -> -218103808
#26: 227 -> -956301312
#27: 194 -> 1124073472
#28: 110 -> 1979711488
#29: 113 -> -1912602624
#30: 225 -> -2030043136
#31: 48 -> 201326592
#32: 100 -> 637534208
#33: 164 -> 620756992
#34: 48 -> 201326592
#35: 200 -> 318767104
#36: 188 -> 1023410176
#37: 53 -> -1409286144
#38: 15 -> -268435456
#39: 190 -> 2097152000
#40: 5 -> -1610612736
Hash: -3713119654462657088
