#1: 418864245 -> -1371869416
#2: 425981773 -> -1292908904
#3: 758337848 -> 478858420
#4: 649168576 -> 56724836
#5: 90829830 -> 1613731488
#6: 279550495 -> -128346872
#7: 338230385 -> -1908468696
#8: 924853707 -> -744225556
#9: 893632562 -> 1275314860
#10: 219995172 -> 607860912
#11: 728176500 -> 787015380
#12: 528541079 -> -374930952
#13: 1055562742 -> 1876514684
#14: 79777890 -> 1175094048
#15: 539068358 -> 1675723780
#16: 500425179 -> -611857480
#17: 1015003330 -> 1126039100
#18: 534310411 -> -797500424
#19: 134704129 -> -2143887344
#20: 688491371 -> -690909036
#21: 817173912 -> 430484748
#22: 100451962 -> 1583562656
#23: 1003315447 -> -284773412
#24: 369659765 -> -1359933336
#25: 1029350928 -> 140860092
#26: 610882630 -> 1646958116
#27: 442735883 -> -793131432
#28: 662196638 -> 2039095012
#29: 334107568 -> 231233480
#30: 900096217 -> -1694079572
#31: 680419660 -> 847671572
#32: 619361488 -> 187520804
#33: 674331021 -> -1315009516
#34: 20409015 -> -313070464
#35: 756287879 -> -510646092
#36: 1032630401 -> -2129841732
#37: 215310093 -> -1325749456
#38: 647590386 -> 1334745444
#39: 81164066 -> 1156475680
#40: 1043210119 -> -503810948
#41: 996563977 -> -1875220772
#42: 442838192 -> 221554264
#43: 436406955 -> -716128168
#44: 137043912 -> 335074320
#45: 712588929 -> -2122539436
#46: 346361267 -> -844061400
#47: 206811649 -> -2142385616
#48: 1065379422 -> 2053505532
#49: 405799246 -> 1920994328
#50: 984153313 -> -2025908900
#51: 976849306 -> 1502714972
#52: 737286255 -> -166178860
#53: 862608442 -> 1547327180
#54: 191627399 -> -520079664
#55: 757428951 -> -347167564
#56: 103308375 -> -365292448
#57: 242737391 -> -150475152
#58: 408211418 -> 1542662680
#59: 181079115 -> -768552112
#60: 691478398 -> 2130242708
#61: 733699650 -> 1115348436
#62: 1024648850 -> 1231505596
#63: 995647430 -> 1677335260
#64: 772932086 -> 1870678132
#65: 922633281 -> -2111668372
#66: 507074825 -> -1868915592
#67: 1059719528 -> 378557692
#68: 935614415 -> -202759188
#69: 202430559 -> -98891728
#70: 684626503 -> -498502892
#71: 481736519 -> -487756488
#72: 1070100459 -> -671738884
#73: 893305363 -> -935101268
#74: 306848920 -> 421810760
#75: 1050461979 -> -656197252
#76: 586047319 -> -352684220
#77: 176987660 -> 813248848
#78: 169268238 -> 1881892944
#79: 255724312 -> 416316656
#80: 606229754 -> 1596605476
#81: 546920701 -> -1088775932
#82: 683246371 -> -993944300
#83: 734981510 -> 1639412692
#84: 717206274 -> 1087241556
#85: 404016080 -> 198387736
#86: 334382886 -> 1692563400
#87: 829704123 -> -572379508
#88: 44298091 -> -688405184
#89: 804643300 -> 663203828
#90: 723310254 -> 1969961172
#91: 564546029 -> -1215142524
#92: 593263276 -> 895367876
#93: 407969700 -> 637045272
#94: 740362852 -> 642810932
#95: 542521846 -> 1872521732
#96: 428665044 -> 722940312
#97: 370347160 -> 422627432
#98: 674572990 -> 2102701076
#99: 6554682 -> 1545610752
#100: 209810754 -> 1118732592
Hash: -4057390764887226480
