#1: 412515 -> -959291392
#2: 912920 -> 410497024
#3: 628564 -> 719949824
#4: 394613 -> -1365221376
#5: 935187 -> -928878592
#6: 335609 -> -1619484672
#7: 544243 -> -810414080
#8: 145005 -> -1234419712
#9: 381770 -> 1389076480
#10: 334158 -> 1922605056
#11: 682765 -> -1328132096
#12: 687706 -> 1518227456
#13: 1012439 -> -347148288
#14: 119526 -> 1733001216
#15: 1012639 -> -103878656
#16: 1010052 -> 563539968
#17: 1022765 -> -1260785664
#18: 984974 -> 1910566912
#19: 681860 -> 568741888
#20: 506493 -> -1101144064
#21: 441865 -> -1870831616
#22: 382125 -> -1255432192
#23: 543817 -> -1842212864
#24: 378654 -> 2028183552
#25: 134224 -> 170934272
#26: 380026 -> 1580441600
#27: 198984 -> 311476224
#28: 515300 -> 658235392
#29: 998469 -> -1573064704
#30: 763612 -> 996528128
#31: 635459 -> -1035104256
#32: 825601 -> -2137444352
#33: 144106 -> 1464614912
#34: 183349 -> -1405927424
#35: 790258 -> 1332752384
#36: 385258 -> 1460117504
#37: 1025477 -> -1549406208
#38: 864764 -> 1066184704
#39: 293206 -> 1788747776
#40: 412337 -> -1923981312
#41: 444992 -> 39018496
#42: 956933 -> -1604751360
#43: 273554 -> 1228152832
#44: 970366 -> 2121494528
#45: 1018457 -> -1705906176
#46: 470255 -> -147529728
#47: 427289 -> -1734254592
#48: 657258 -> 1457541120
#49: 715395 -> -1051242496
#50: 640558 -> 1952681984
#51: 936863 -> -103649280
#52: 200560 -> 250658816
#53: 399463 -> -434610176
#54: 720272 -> 163532800
#55: 610561 -> -2138402816
#56: 527235 -> -1043329024
#57: 498802 -> 1312415744
#58: 73523 -> -856129536
#59: 973968 -> 154890240
#60: 798651 -> -571199488
#61: 874269 -> -1192579072
#62: 43022 -> 1880424448
#63: 772791 -> -313274368
#64: 1031018 -> 1457385472
#65: 925016 -> 448294912
#66: 953168 -> 181497856
#67: 1040861 -> -1148719104
#68: 851735 -> -385929216
#69: 988083 -> -842469376
#70: 539652 -> 540807168
#71: 956808 -> 295268352
#72: 833229 -> -1284689920
#73: 349290 -> 1445634048
#74: 864078 -> 1928638464
#75: 11903 -> -25952256
#76: 75451 -> -580616192
#77: 937994 -> 1342861312
#78: 521932 -> 862969856
#79: 55396 -> 639303680
#80: 832260 -> 550318080
#81: 909579 -> -796413952
#82: 399496 -> 286810112
#83: 840876 -> 892022784
#84: 1036959 -> -112463872
#85: 704355 -> -956477440
#86: 264950 -> 1867522048
#87: 778844 -> 977784832
#88: 846955 -> -701026304
#89: 213016 -> 402833408
#90: 266312 -> 302522368
#91: 324589 -> -1211162624
#92: 330282 -> 1414569984
#93: 904337 -> -1993101312
#94: 42367 -> -22740992
#95: 72706 -> 1077444608
#96: 881331 -> -850481152
#97: 1035433 -> -1791758336
#98: 237378 -> 1123663872
#99: 653380 -> 572493824
#100: 573595 -> -654110720
Hash: 241109998577255872
