#1: 479287138 -> 14
#2: 260702917 -> 12
#3: 1012610687 -> 20
#4: 675792436 -> 13
#5: 490953969 -> 16
#6: 20081617 -> 13
#7: 859770732 -> 18
#8: 556451064 -> 13
#9: 519404405 -> 21
#10: 900159082 -> 17
#11: 518748314 -> 18
#12: 450099997 -> 19
#13: 469762022 -> 25
#14: 1027849116 -> 18
#15: 488257103 -> 16
#16: 116544855 -> 16
#17: 965142714 -> 16
#18: 170532940 -> 9
#19: 268217986 -> 17
#20: 549260141 -> 15
#21: 606873221 -> 11
#22: 443763623 -> 17
#23: 265717021 -> 16
#24: 1028318244 -> 14
#25: 307617614 -> 17
#26: 276276459 -> 16
#27: 59147768 -> 13
#28: 527847796 -> 17
#29: 193484642 -> 13
#30: 376950594 -> 17
#31: 105405005 -> 12
#32: 702945300 -> 12
#33: 476165059 -> 15
#34: 619156255 -> 17
#35: 856034592 -> 10
#36: 169714554 -> 15
#37: 717687635 -> 15
#38: 817163208 -> 15
#39: 559730862 -> 14
#40: 1013121665 -> 11
#41: 466615621 -> 20
#42: 583481422 -> 14
#43: 537799430 -> 10
#44: 1001627491 -> 20
#45: 483806511 -> 17
#46: 861422340 -> 11
#47: 1014529536 -> 14
#48: 118242769 -> 14
#49: 792500351 -> 19
#50: 676975816 -> 13
#51: 124818251 -> 14
#52: 641376942 -> 15
#53: 127536621 -> 16
#54: 753972250 -> 14
#55: 832353469 -> 17
#56: 343005244 -> 14
#57: 1047451303 -> 20
#58: 323990956 -> 17
#59: 235610139 -> 11
#60: 571635311 -> 15
#61: 520717038 -> 15
#62: 290484140 -> 14
#63: 898566243 -> 14
#64: 747976622 -> 17
#65: 24897745 -> 15
#66: 1023038543 -> 18
#67: 602833422 -> 14
#68: 897961267 -> 16
#69: 240604327 -> 16
#70: 806858330 -> 15
#71: 738906158 -> 12
#72: 629871136 -> 10
#73: 71188443 -> 18
#74: 147064196 -> 8
#75: 222210562 -> 13
#76: 904525687 -> 22
#77: 641647709 -> 16
#78: 776190795 -> 17
#79: 197382274 -> 12
#80: 170308645 -> 12
#81: 858731028 -> 14
#82: 198163897 -> 20
#83: 254621079 -> 17
#84: 75671976 -> 10
#85: 146882633 -> 8
#86: 529962747 -> 20
#87: 384176122 -> 18
#88: 661396997 -> 14
#89: 570277888 -> 11
#90: 59447634 -> 12
#91: 701791077 -> 17
#92: 619533639 -> 16
#93: 38936001 -> 11
#94: 543733984 -> 11
#95: 700131692 -> 16
#96: 1038482985 -> 20
#97: 190106174 -> 15
#98: 982790961 -> 14
#99: 911775874 -> 12
#100: 356740401 -> 14
Hash: 4370372851682576832
