#1: 18000 -> 5
#2: 260497 -> 11
#3: 97435 -> 11
#4: 804073 -> 9
#5: 503294 -> 15
#6: 913580 -> 11
#7: 942317 -> 11
#8: 841114 -> 11
#9: 495246 -> 11
#10: 1020820 -> 11
#11: 969778 -> 10
#12: 889824 -> 10
#13: 317127 -> 11
#14: 278047 -> 11
#15: 533032 -> 5
#16: 908544 -> 9
#17: 445221 -> 10
#18: 14799 -> 10
#19: 1026565 -> 10
#20: 735871 -> 14
#21: 904949 -> 14
#22: 809434 -> 11
#23: 94319 -> 10
#24: 531405 -> 10
#25: 869774 -> 10
#26: 269599 -> 10
#27: 389684 -> 10
#28: 384185 -> 12
#29: 884728 -> 15
#30: 857413 -> 9
#31: 240451 -> 10
#32: 523333 -> 12
#33: 159008 -> 7
#34: 193692 -> 10
#35: 922251 -> 9
#36: 447459 -> 12
#37: 86539 -> 7
#38: 568274 -> 10
#39: 709346 -> 10
#40: 732587 -> 12
#41: 27517 -> 11
#42: 42403 -> 8
#43: 1002733 -> 13
#44: 478744 -> 9
#45: 825607 -> 9
#46: 680512 -> 6
#47: 741656 -> 8
#48: 384733 -> 14
#49: 491955 -> 10
#50: 695829 -> 10
#51: 349520 -> 8
#52: 760239 -> 13
#53: 379418 -> 9
#54: 1028387 -> 11
#55: 37606 -> 8
#56: 100199 -> 10
#57: 954923 -> 10
#58: 787717 -> 6
#59: 979040 -> 9
#60: 493228 -> 10
#61: 752585 -> 13
#62: 930088 -> 8
#63: 160596 -> 9
#64: 192802 -> 8
#65: 770536 -> 10
#66: 1017494 -> 11
#67: 285315 -> 8
#68: 947324 -> 12
#69: 364540 -> 13
#70: 88087 -> 8
#71: 176750 -> 10
#72: 1005826 -> 9
#73: 315954 -> 8
#74: 462906 -> 8
#75: 135526 -> 7
#76: 835291 -> 14
#77: 30300 -> 9
#78: 318985 -> 9
#79: 433614 -> 12
#80: 70192 -> 5
#81: 244259 -> 10
#82: 807709 -> 10
#83: 728254 -> 12
#84: 182597 -> 8
#85: 472028 -> 12
#86: 809675 -> 11
#87: 895644 -> 11
#88: 334596 -> 7
#89: 728627 -> 11
#90: 152300 -> 9
#91: 206180 -> 8
#92: 386246 -> 10
#93: 969391 -> 13
#94: 545786 -> 11
#95: 396152 -> 9
#96: 428039 -> 7
#97: 100944 -> 6
#98: 174005 -> 11
#99: 953484 -> 9
#100: 702602 -> 9
Hash: 5347327358756356633
