#1: 45 -> 4
#2: 39 -> 4
#3: 211 -> 5
#4: 83 -> 4
#5: 23 -> 4
#6: 96 -> 2
#7: 240 -> 4
#8: 222 -> 6
#9: 191 -> 7
#10: 230 -> 5
#11: 100 -> 3
#12: 101 -> 4
#13: 138 -> 3
#14: 38 -> 3
#15: 218 -> 5
#16: 82 -> 3
#17: 252 -> 6
#18: 212 -> 4
#19: 12 -> 2
#20: 162 -> 3
#21: 214 -> 5
#22: 63 -> 6
#23: 19 -> 3
#24: 33 -> 2
#25: 13 -> 3
#26: 136 -> 2
#27: 174 -> 5
#28: 67 -> 3
#29: 35 -> 3
#30: 74 -> 3
#31: 48 -> 2
#32: 168 -> 3
#33: 218 -> 5
#34: 151 -> 5
#35: 97 -> 3
#36: 182 -> 5
#37: 124 -> 5
#38: 229 -> 5
#39: 73 -> 3
#40: 255 -> 8
Hash: 8207922675964013944
