#1: 319 -> 7
#2: 92 -> 4
#3: 695 -> 7
#4: 926 -> 7
#5: 778 -> 4
#6: 390 -> 4
#7: 623 -> 7
#8: 572 -> 5
#9: 422 -> 5
#10: 189 -> 6
#11: 971 -> 7
#12: 162 -> 3
#13: 425 -> 5
#14: 163 -> 4
#15: 513 -> 2
#16: 169 -> 4
#17: 400 -> 3
#18: 850 -> 5
#19: 392 -> 3
#20: 400 -> 3
#21: 870 -> 6
#22: 13 -> 3
#23: 961 -> 5
#24: 887 -> 8
#25: 973 -> 7
#26: 339 -> 5
#27: 625 -> 5
#28: 1022 -> 9
#29: 141 -> 4
#30: 839 -> 6
#31: 58 -> 4
#32: 119 -> 6
#33: 637 -> 7
#34: 538 -> 4
#35: 1014 -> 8
#36: 76 -> 3
#37: 196 -> 3
#38: 987 -> 8
#39: 278 -> 4
#40: 213 -> 5
#41: 436 -> 5
#42: 760 -> 6
#43: 724 -> 5
#44: 205 -> 5
#45: 224 -> 3
#46: 380 -> 6
#47: 48 -> 2
#48: 1001 -> 7
#49: 743 -> 7
#50: 866 -> 5
#51: 853 -> 6
#52: 175 -> 6
#53: 583 -> 5
#54: 555 -> 5
#55: 271 -> 5
#56: 659 -> 5
#57: 430 -> 6
#58: 94 -> 5
#59: 164 -> 3
#60: 744 -> 5
#61: 164 -> 3
#62: 675 -> 5
#63: 581 -> 4
#64: 662 -> 5
#65: 767 -> 9
#66: 220 -> 5
#67: 760 -> 6
#68: 964 -> 5
#69: 848 -> 4
#70: 469 -> 6
#71: 175 -> 6
#72: 996 -> 6
#73: 137 -> 3
#74: 752 -> 5
#75: 203 -> 5
#76: 575 -> 7
#77: 90 -> 4
#78: 198 -> 4
#79: 795 -> 6
#80: 58 -> 4
Hash: 3980395027148445329
